Arguments: 
  C:\Program Files\nodejs\node.exe C:\Program Files (x86)\Yarn\bin\yarn.js add --save-dev tailwindcss autofixer cssnano postcss-easy-importer

PATH: 
  C:\Program Files\Git\mingw64\bin;C:\Program Files\Git\usr\bin;C:\Users\user\bin;C:\WINDOWS\system32;C:\WINDOWS;C:\WINDOWS\System32\Wbem;C:\WINDOWS\System32\WindowsPowerShell\v1.0;C:\Users\Administrator\AppData\Local\Microsoft\WindowsApps;C:\Recovery\OEM\Backup;C:\Recovery\OEM\Backup;C:\Program Files\nodejs;C:\ProgramData\chocolatey\bin;C:\Program Files\Git\cmd;C:\Program Files (x86)\Yarn\bin;C:\Users\user\AppData\Local\Microsoft\WindowsApps;C:\Users\user\AppData\Roaming\npm;C:\Users\user\AppData\Local\hyper\app-2.1.2\resources\bin;C:\ProgramData\user\hyper\app-2.1.2\resources\bin;C:\Users\user\AppData\Local\Yarn\bin;C:\Users\user\AppData\Local\Programs\Microsoft VS Code Insiders\bin;C:\Program Files\heroku\bin

Yarn version: 
  1.15.2

Node version: 
  11.14.0

Platform: 
  win32 x64

Trace: 
  Error: https://registry.yarnpkg.com/autofixer: Not found
      at Request.params.callback [as _callback] (C:\Program Files (x86)\Yarn\lib\cli.js:65167:18)
      at Request.self.callback (C:\Program Files (x86)\Yarn\lib\cli.js:129541:22)
      at Request.emit (events.js:193:13)
      at Request.<anonymous> (C:\Program Files (x86)\Yarn\lib\cli.js:130513:10)
      at Request.emit (events.js:193:13)
      at IncomingMessage.<anonymous> (C:\Program Files (x86)\Yarn\lib\cli.js:130435:12)
      at Object.onceWrapper (events.js:281:20)
      at IncomingMessage.emit (events.js:198:15)
      at endReadableNT (_stream_readable.js:1139:12)
      at processTicksAndRejections (internal/process/task_queues.js:81:17)

npm manifest: 
  {
    "name": "nextjs-to-tailwindcss",
    "version": "2.0.0",
    "description": "Nextjs Intergration with Tailwind CSS",
    "main": "index.js",
    "scripts": {
      "test": "test"
    },
    "repository": {
      "type": "git",
      "url": "git+ssh://git@github.com/Developerayo/nextjs-to-tailwindcss.git"
    },
    "author": "Shodipo Ayomide (developerayo)",
    "license": "MIT",
    "bugs": {
      "url": "https://github.com/Developerayo/nextjs-to-tailwindcss/issues"
    },
    "homepage": "https://github.com/Developerayo/nextjs-to-tailwindcss#readme",
    "dependencies": {
      "@zeit/next-css": "^1.0.1",
      "next": "^8.1.0",
      "react": "^16.8.6",
      "react-dom": "^16.8.6"
    }
  }

yarn manifest: 
  No manifest

Lockfile: 
  No lockfile
